The getStatus string is:  bd4ec3be13214f20080100040001030E142D000400000000
('logging: ', 'Sending CONNECT (u1, p1, wr0, wq0, wf0, c1, k60) client_id=a:bd4ec3be13214f20')
('logging: ', "Sending PUBLISH (d0, q1, r0, m1), 'd/G291072808CD201712260001/i', ... (49 bytes)")
('logging: ', 'Received CONNACK (0, 0)')
Connect received of code 0.
Client connected success
('logging: ', 'Received PUBACK (Mid: 1)')
Publish to topic: 1
('logging: ', "Received PUBLISH (d0, q1, r0, m1), 'a/bd4ec3be13214f20/s', ...  (104 bytes)")
('logging: ', 'Sending PUBACK (Mid: 1)')
('message topic=', u'a/bd4ec3be13214f20/s')
('message received ', '{"sn":"G291072808CD201712260001","payload":"08010005000006001401300014000F33000000000064050000B4040000"}')
('message qos=', 1)
('message retain flag=', 0)
Query topic from APP published done!
('logging: ', "Received PUBLISH (d0, q1, r0, m2), 'a/bd4ec3be13214f20/s', ...  (104 bytes)")
('logging: ', 'Sending PUBACK (Mid: 2)')
('message topic=', u'a/bd4ec3be13214f20/s')
('message received ', '{"sn":"G291072808CD201712260001","payload":"08010005000006001401300014000F33000000000064050000B40C0000"}')
('message qos=', 1)
('message retain flag=', 0)
('logging: ', 'Sending PINGREQ')
('logging: ', 'Received PINGRESP')
('logging: ', "Received PUBLISH (d0, q1, r0, m3), 'a/bd4ec3be13214f20/s', ...  (39 bytes)")
('logging: ', 'Sending PUBACK (Mid: 3)')
('message topic=', u'a/bd4ec3be13214f20/s')
('message received ', '{"sn":"G291072808CD201712260001","s":1}')
('message qos=', 1)
('message retain flag=', 0)
('logging: ', "Received PUBLISH (d0, q1, r0, m4), 'a/bd4ec3be13214f20/s', ...  (39 bytes)")
('logging: ', 'Sending PUBACK (Mid: 4)')
('message topic=', u'a/bd4ec3be13214f20/s')
('message received ', '{"sn":"G291072808CD201712260001","s":0}')
('message qos=', 1)
('message retain flag=', 0)
('logging: ', "Received PUBLISH (d0, q1, r0, m5), 'a/bd4ec3be13214f20/s', ...  (39 bytes)")
('logging: ', 'Sending PUBACK (Mid: 5)')
('message topic=', u'a/bd4ec3be13214f20/s')
('message received ', '{"sn":"G291072808CD201712260001","s":1}')
('message qos=', 1)
('message retain flag=', 0)
